<?xml version="1.0" encoding="UTF-8"?>
<!-- Generated by org.testng.reporters.JUnitXMLReporter -->
<testsuite hostname="CPX-J6F5XSS0KFZ" ignored="0" name="Default test" tests="2" failures="0" timestamp="07 Jun 2018 00:07:41 GMT" time="46.743" errors="0">
  <testcase name="testLogin" time="18.652" classname="com.accenture.metrolinx.iit.demo.tests.TC_CWS_VerifyLogin"/>
  <testcase name="testLogin" time="6.998" classname="com.accenture.metrolinx.iit.demo.tests.TC_CWS_VerifyLogin"/>
</testsuite> <!-- Default test -->
